2020-09-01 16:38:24.016  INFO 13908 --- [restartedMain] cn.fangshirui.navweb.NavWebApplication   : Starting NavWebApplication on DESKTOP-O5A9PAC with PID 13908 (E:\1.code\10.Nav-Web\target\classes started by kk in E:\1.code\10.Nav-Web)
2020-09-01 16:38:24.019  INFO 13908 --- [restartedMain] cn.fangshirui.navweb.NavWebApplication   : No active profile set, falling back to default profiles: default
2020-09-01 16:38:24.064  INFO 13908 --- [restartedMain] .e.DevToolsPropertyDefaultsPostProcessor : Devtools property defaults active! Set 'spring.devtools.add-properties' to 'false' to disable
2020-09-01 16:38:24.064  INFO 13908 --- [restartedMain] .e.DevToolsPropertyDefaultsPostProcessor : For additional web related logging consider setting the 'logging.level.web' property to 'DEBUG'
2020-09-01 16:38:24.974  INFO 13908 --- [restartedMain] o.s.b.w.embedded.tomcat.TomcatWebServer  : Tomcat initialized with port(s): 8081 (http)
2020-09-01 16:38:24.981  INFO 13908 --- [restartedMain] o.apache.catalina.core.StandardService   : Starting service [Tomcat]
2020-09-01 16:38:24.981  INFO 13908 --- [restartedMain] org.apache.catalina.core.StandardEngine  : Starting Servlet engine: [Apache Tomcat/9.0.37]
2020-09-01 16:38:25.069  INFO 13908 --- [restartedMain] o.a.c.c.C.[Tomcat].[localhost].[/]       : Initializing Spring embedded WebApplicationContext
2020-09-01 16:38:25.070  INFO 13908 --- [restartedMain] w.s.c.ServletWebServerApplicationContext : Root WebApplicationContext: initialization completed in 1005 ms
2020-09-01 16:38:25.142  INFO 13908 --- [restartedMain] c.a.d.s.b.a.DruidDataSourceAutoConfigure : Init DruidDataSource
2020-09-01 16:38:25.278  INFO 13908 --- [restartedMain] com.alibaba.druid.pool.DruidDataSource   : {dataSource-1} inited
2020-09-01 16:38:25.619  INFO 13908 --- [restartedMain] pertySourcedRequestMappingHandlerMapping : Mapped URL path [/v2/api-docs] onto method [springfox.documentation.swagger2.web.Swagger2Controller#getDocumentation(String, HttpServletRequest)]
2020-09-01 16:38:25.678  INFO 13908 --- [restartedMain] o.s.s.concurrent.ThreadPoolTaskExecutor  : Initializing ExecutorService 'applicationTaskExecutor'
2020-09-01 16:38:25.702  INFO 13908 --- [restartedMain] o.s.b.d.a.OptionalLiveReloadServer       : LiveReload server is running on port 35729
2020-09-01 16:38:25.800  INFO 13908 --- [restartedMain] d.s.w.p.DocumentationPluginsBootstrapper : Context refreshed
2020-09-01 16:38:25.810  INFO 13908 --- [restartedMain] d.s.w.p.DocumentationPluginsBootstrapper : Found 1 custom documentation plugin(s)
2020-09-01 16:38:25.831  INFO 13908 --- [restartedMain] s.d.s.w.s.ApiListingReferenceScanner     : Scanning for api listing references
2020-09-01 16:38:25.967  INFO 13908 --- [restartedMain] o.s.b.w.embedded.tomcat.TomcatWebServer  : Tomcat started on port(s): 8081 (http) with context path ''
2020-09-01 16:38:25.969  INFO 13908 --- [restartedMain] cn.fangshirui.navweb.NavWebApplication   : Started NavWebApplication in 2.261 seconds (JVM running for 3.18)
2020-09-01 16:39:03.986  INFO 13908 --- [http-nio-8081-exec-3] o.a.c.c.C.[Tomcat].[localhost].[/]       : Initializing Spring DispatcherServlet 'dispatcherServlet'
2020-09-01 16:39:03.986  INFO 13908 --- [http-nio-8081-exec-3] o.s.web.servlet.DispatcherServlet        : Initializing Servlet 'dispatcherServlet'
2020-09-01 16:39:03.990  INFO 13908 --- [http-nio-8081-exec-3] o.s.web.servlet.DispatcherServlet        : Completed initialization in 4 ms
